<?xml version="1.0" encoding="UTF-8"?>
<!-- Generated by org.testng.reporters.JUnitReportReporter -->
<testsuite skipped="0" hostname="SanthoshLAP" name="ApiMethodsTests" tests="1" failures="0" timestamp="2021-08-15T20:43:39 IST" time="4.088" errors="0">
  <testcase name="getUserDetailsTest" time="4.088" classname="ApiMethodsTests"/>
</testsuite> <!-- ApiMethodsTests -->
